2016/3/6 23:01:07:in:app_unit_list,hy_app_unit_select,{"common":{"currpage":1,"pagesize":999,"where":[{"col":"pid","logic":"=","val":"0","andor":""}]}},xml
2016/3/6 23:01:07:out:<ul id="unitlstdiv"><li class="button" onclick="cancelunit()">返 回    小区房号选择</li><li class="havecontent" onclick="clickunit('1',6)">北区</li><li class="havecontent" onclick="clickunit('2',5)">南区</li></ul>
2016/3/6 23:01:12:in:app_unit_list,hy_app_unit_select,{"common":{"currpage":1,"pagesize":999,"where":[{"col":"pid","logic":"=","val":"1","andor":""}]}},xml
2016/3/6 23:01:12:out:<ul id="unitlstdiv"><li class="button" onclick="clickunit(0)">上一步    北区</li><li class="havecontent" onclick="clickunit('9',10)">翰园</li><li class="havecontent" onclick="clickunit('8',11)">御园</li><li class="havecontent" onclick="clickunit('6',11)">紫园</li><li class="form" onclick="clickunit('102981',0,'北区--103')">103</li><li class="form" onclick="clickunit('102987',0,'北区--104')">104</li><li class="form" onclick="clickunit('102989',0,'北区--104')">104</li></ul>
2016/3/6 23:01:14:in:app_unit_list,hy_app_unit_select,{"common":{"currpage":1,"pagesize":999,"where":[{"col":"pid","logic":"=","val":"9","andor":""}]}},xml
2016/3/6 23:01:14:out:<ul id="unitlstdiv"><li class="button" onclick="clickunit(1)">上一步    北区--翰园</li><li class="havecontent" onclick="clickunit('10',3)">01幢</li><li class="havecontent" onclick="clickunit('11',2)">02幢</li><li class="havecontent" onclick="clickunit('13',2)">04幢</li><li class="havecontent" onclick="clickunit('14',3)">05幢</li><li class="havecontent" onclick="clickunit('15',4)">06幢</li><li class="havecontent" onclick="clickunit('16',4)">07幢</li><li class="havecontent" onclick="clickunit('17',28)">08幢</li><li class="havecontent" onclick="clickunit('18',4)">09幢</li><li class="havecontent" onclick="clickunit('218',14)">03幢(东)</li><li class="havecontent" onclick="clickunit('12',14)">03幢(西)</li></ul>
2016/3/6 23:01:15:in:app_unit_list,hy_app_unit_select,{"common":{"currpage":1,"pagesize":999,"where":[{"col":"pid","logic":"=","val":"10","andor":""}]}},xml
2016/3/6 23:01:15:out:<ul id="unitlstdiv"><li class="button" onclick="clickunit(9)">上一步    北区--翰园--01幢</li><li class="havecontent" onclick="clickunit('91',20)">1单元</li><li class="havecontent" onclick="clickunit('92',20)">2单元</li><li class="havecontent" onclick="clickunit('93',20)">3单元</li></ul>
2016/3/6 23:01:17:in:app_unit_list,hy_app_unit_select,{"common":{"currpage":1,"pagesize":999,"where":[{"col":"pid","logic":"=","val":9,"andor":""}]}},xml
2016/3/6 23:01:17:out:<ul id="unitlstdiv"><li class="button" onclick="clickunit(1)">上一步    北区--翰园</li><li class="havecontent" onclick="clickunit('10',3)">01幢</li><li class="havecontent" onclick="clickunit('11',2)">02幢</li><li class="havecontent" onclick="clickunit('13',2)">04幢</li><li class="havecontent" onclick="clickunit('14',3)">05幢</li><li class="havecontent" onclick="clickunit('15',4)">06幢</li><li class="havecontent" onclick="clickunit('16',4)">07幢</li><li class="havecontent" onclick="clickunit('17',28)">08幢</li><li class="havecontent" onclick="clickunit('18',4)">09幢</li><li class="havecontent" onclick="clickunit('218',14)">03幢(东)</li><li class="havecontent" onclick="clickunit('12',14)">03幢(西)</li></ul>
2016/3/6 23:01:18:in:app_unit_list,hy_app_unit_select,{"common":{"currpage":1,"pagesize":999,"where":[{"col":"pid","logic":"=","val":1,"andor":""}]}},xml
2016/3/6 23:01:18:out:<ul id="unitlstdiv"><li class="button" onclick="clickunit(0)">上一步    北区</li><li class="havecontent" onclick="clickunit('9',10)">翰园</li><li class="havecontent" onclick="clickunit('8',11)">御园</li><li class="havecontent" onclick="clickunit('6',11)">紫园</li><li class="form" onclick="clickunit('102981',0,'北区--103')">103</li><li class="form" onclick="clickunit('102987',0,'北区--104')">104</li><li class="form" onclick="clickunit('102989',0,'北区--104')">104</li></ul>
2016/3/6 23:01:21:in:app_unit_list,hy_app_unit_select,{"common":{"currpage":1,"pagesize":999,"where":[{"col":"pid","logic":"=","val":0,"andor":""}]}},xml
2016/3/6 23:01:22:out:<ul id="unitlstdiv"><li class="button" onclick="cancelunit()">返 回    小区房号选择</li><li class="havecontent" onclick="clickunit('1',6)">北区</li><li class="havecontent" onclick="clickunit('2',5)">南区</li></ul>
2016/3/6 23:01:25:in:app_unit_list,hy_app_unit_select,{"common":{"currpage":1,"pagesize":999,"where":[{"col":"pid","logic":"=","val":"1","andor":""}]}},xml
2016/3/6 23:01:25:out:<ul id="unitlstdiv"><li class="button" onclick="clickunit(0)">上一步    北区</li><li class="havecontent" onclick="clickunit('9',10)">翰园</li><li class="havecontent" onclick="clickunit('8',11)">御园</li><li class="havecontent" onclick="clickunit('6',11)">紫园</li><li class="form" onclick="clickunit('102981',0,'北区--103')">103</li><li class="form" onclick="clickunit('102987',0,'北区--104')">104</li><li class="form" onclick="clickunit('102989',0,'北区--104')">104</li></ul>
2016/3/6 23:01:26:in:app_unit_list,hy_app_unit_select,{"common":{"currpage":1,"pagesize":999,"where":[{"col":"pid","logic":"=","val":"9","andor":""}]}},xml
2016/3/6 23:01:26:out:<ul id="unitlstdiv"><li class="button" onclick="clickunit(1)">上一步    北区--翰园</li><li class="havecontent" onclick="clickunit('10',3)">01幢</li><li class="havecontent" onclick="clickunit('11',2)">02幢</li><li class="havecontent" onclick="clickunit('13',2)">04幢</li><li class="havecontent" onclick="clickunit('14',3)">05幢</li><li class="havecontent" onclick="clickunit('15',4)">06幢</li><li class="havecontent" onclick="clickunit('16',4)">07幢</li><li class="havecontent" onclick="clickunit('17',28)">08幢</li><li class="havecontent" onclick="clickunit('18',4)">09幢</li><li class="havecontent" onclick="clickunit('218',14)">03幢(东)</li><li class="havecontent" onclick="clickunit('12',14)">03幢(西)</li></ul>
2016/3/6 23:01:27:in:app_unit_list,hy_app_unit_select,{"common":{"currpage":1,"pagesize":999,"where":[{"col":"pid","logic":"=","val":"10","andor":""}]}},xml
2016/3/6 23:01:27:out:<ul id="unitlstdiv"><li class="button" onclick="clickunit(9)">上一步    北区--翰园--01幢</li><li class="havecontent" onclick="clickunit('91',20)">1单元</li><li class="havecontent" onclick="clickunit('92',20)">2单元</li><li class="havecontent" onclick="clickunit('93',20)">3单元</li></ul>
2016/3/6 23:01:28:in:app_unit_list,hy_app_unit_select,{"common":{"currpage":1,"pagesize":999,"where":[{"col":"pid","logic":"=","val":"91","andor":""}]}},xml
2016/3/6 23:01:28:out:<ul id="unitlstdiv"><li class="button" onclick="clickunit(10)">上一步    北区--翰园--01幢--1单元</li><li class="form" onclick="clickunit('100000',0,'北区--翰园--01幢--1单元--0201室')">0201室</li><li class="form" onclick="clickunit('100001',0,'北区--翰园--01幢--1单元--0203室')">0203室</li><li class="form" onclick="clickunit('100002',0,'北区--翰园--01幢--1单元--0301室')">0301室</li><li class="form" onclick="clickunit('100003',0,'北区--翰园--01幢--1单元--0303室')">0303室</li><li class="form" onclick="clickunit('100004',0,'北区--翰园--01幢--1单元--0401室')">0401室</li><li class="form" onclick="clickunit('100005',0,'北区--翰园--01幢--1单元--0403室')">0403室</li><li class="form" onclick="clickunit('100006',0,'北区--翰园--01幢--1单元--0501室')">0501室</li><li class="form" onclick="clickunit('100007',0,'北区--翰园--01幢--1单元--0503室')">0503室</li><li class="form" onclick="clickunit('100008',0,'北区--翰园--01幢--1单元--0601室')">0601室</li><li class="form" onclick="clickunit('100009',0,'北区--翰园--01幢--1单元--0603室')">0603室</li><li class="form" onclick="clickunit('100010',0,'北区--翰园--01幢--1单元--0701室')">0701室</li><li class="form" onclick="clickunit('100011',0,'北区--翰园--01幢--1单元--0703室')">0703室</li><li class="form" onclick="clickunit('100012',0,'北区--翰园--01幢--1单元--0801室')">0801室</li><li class="form" onclick="clickunit('100013',0,'北区--翰园--01幢--1单元--0803室')">0803室</li><li class="form" onclick="clickunit('100014',0,'北区--翰园--01幢--1单元--0901室')">0901室</li><li class="form" onclick="clickunit('100015',0,'北区--翰园--01幢--1单元--0903室')">0903室</li><li class="form" onclick="clickunit('100016',0,'北区--翰园--01幢--1单元--1001室')">1001室</li><li class="form" onclick="clickunit('100017',0,'北区--翰园--01幢--1单元--1003室')">1003室</li><li class="form" onclick="clickunit('100018',0,'北区--翰园--01幢--1单元--1101室')">1101室</li><li class="form" onclick="clickunit('100019',0,'北区--翰园--01幢--1单元--1103室')">1103室</li></ul>
2016/3/6 23:04:28:in:db_app.app_config,json,{"common":{"where":[{"col":"ver","logic":"<=","val":"33","andor":" and "},{"col":"config_id","logic":"=","val":"app_rzzb_update_version","andor":" and "},{"col":"(pf","logic":"=","val":"normal","andor":" or "},{"col":"pf","logic":"=","val":"android","andor":")"}],"currpage":1,"pagesize":2147483647}},json
2016/3/6 23:04:28:out:db_app.app_config,rtn(
    
    {
    
      "ver":"1.1",
    
    "property":[
      {
    "app_config_table":{"title":"app_config"}
  }],
    "fielddef":[
      {
    "app_config_table":{
    "item":[{'name':'rstatus','title':'编辑标识','cando':'order','fmt':'','tip':'标识','edtcontrol':'','edtvalidity':'','expression':'','editable':'false','dIndex':'0','cIndex':'-2','def':'2','set':''}
      ,{'name':'seq','title':'序号','cando':'order','fmt':'td_first','tip':'序号','edtcontrol':'seq','edtvalidity':'','expression':'','editable':'false','dIndex':'-1','cIndex':'0','def':'','set':'pdf(0.5,center)'}
      ,{'name':'chk','title':'复选框','cando':'order','fmt':'td_check','tip':'复选框','edtcontrol':'checkbox','edtvalidity':'','expression':'','editable':'false','dIndex':'-1','cIndex':'1','def':'','set':''}
      ,{'name':'displaytitle','title':'app_config','cando':'order','fmt':'right','tip':'app_config','edtcontrol':'','edtvalidity':'','expression':'','editable':'false','dIndex':'1','cIndex':'-1','def':'','set':'pdf(2.5,left)'}
      ,{'name':'iid','title':'iid','cando':'order','fmt':'right','tip':'iid','edtcontrol':'','edtvalidity':'','expression':'','editable':'false','dIndex':'2','cIndex':'-2','def':'','set':'pdf(2.5,left)'}
      ,{'name':'config_id','title':'config_id','cando':'order','fmt':'','tip':'config_id','edtcontrol':'','edtvalidity':'','expression':'','editable':'false','dIndex':'3','cIndex':'3','def':'','set':'pdf(2.5,left)'}
      ,{'name':'pf','title':'pf','cando':'order','fmt':'','tip':'pf','edtcontrol':'','edtvalidity':'','expression':'','editable':'false','dIndex':'4','cIndex':'4','def':'','set':'pdf(2.5,left)'}
      ,{'name':'ver','title':'ver','cando':'order','fmt':'right','tip':'ver','edtcontrol':'','edtvalidity':'','expression':'','editable':'false','dIndex':'5','cIndex':'5','def':'','set':'pdf(2.5,left)'}
      ,{'name':'val','title':'val','cando':'order','fmt':'','tip':'val','edtcontrol':'','edtvalidity':'','expression':'','editable':'false','dIndex':'6','cIndex':'6','def':'','set':'pdf(2.5,left)'}
      ,{'name':'jsonval','title':'jsonval','cando':'order','fmt':'','tip':'jsonval','edtcontrol':'','edtvalidity':'','expression':'','editable':'false','dIndex':'7','cIndex':'7','def':'','set':'pdf(2.5,left)'}
      ,{'name':'memo','title':'memo','cando':'order','fmt':'','tip':'memo','edtcontrol':'','edtvalidity':'','expression':'','editable':'false','dIndex':'8','cIndex':'8','def':'','set':'pdf(2.5,left)'}
      ]
    }
  }],
    "data":[
      {
      
      "app_config_table":{'pagesize':'2147483647','totalrows':'0','currpage':'0','totalpages':'0','orderby':''
        ,'s':{}
      }
    }]
    }
  )

2016/3/6 23:04:43:in:app_unit_list,hy_app_unit_select,{"common":{"currpage":1,"pagesize":999,"where":[{"col":"pid","logic":"=","val":"0","andor":""}]}},xml
2016/3/6 23:04:43:out:<ul id="unitlstdiv"><li class="button" onclick="cancelunit()">返 回    小区房号选择</li><li class="havecontent" onclick="clickunit('1',6)">北区</li><li class="havecontent" onclick="clickunit('2',5)">南区</li></ul>
2016/3/6 23:04:45:in:app_unit_list,hy_app_unit_select,{"common":{"currpage":1,"pagesize":999,"where":[{"col":"pid","logic":"=","val":"1","andor":""}]}},xml
2016/3/6 23:04:45:out:<ul id="unitlstdiv"><li class="button" onclick="clickunit(0)">上一步    北区</li><li class="havecontent" onclick="clickunit('9',10)">翰园</li><li class="havecontent" onclick="clickunit('8',11)">御园</li><li class="havecontent" onclick="clickunit('6',11)">紫园</li><li class="form" onclick="clickunit('102981',0,'北区--103')">103</li><li class="form" onclick="clickunit('102987',0,'北区--104')">104</li><li class="form" onclick="clickunit('102989',0,'北区--104')">104</li></ul>
2016/3/6 23:04:48:in:app_unit_list,hy_app_unit_select,{"common":{"currpage":1,"pagesize":999,"where":[{"col":"pid","logic":"=","val":"9","andor":""}]}},xml
2016/3/6 23:04:48:out:<ul id="unitlstdiv"><li class="button" onclick="clickunit(1)">上一步    北区--翰园</li><li class="havecontent" onclick="clickunit('10',3)">01幢</li><li class="havecontent" onclick="clickunit('11',2)">02幢</li><li class="havecontent" onclick="clickunit('13',2)">04幢</li><li class="havecontent" onclick="clickunit('14',3)">05幢</li><li class="havecontent" onclick="clickunit('15',4)">06幢</li><li class="havecontent" onclick="clickunit('16',4)">07幢</li><li class="havecontent" onclick="clickunit('17',28)">08幢</li><li class="havecontent" onclick="clickunit('18',4)">09幢</li><li class="havecontent" onclick="clickunit('218',14)">03幢(东)</li><li class="havecontent" onclick="clickunit('12',14)">03幢(西)</li></ul>
2016/3/6 23:04:49:in:app_unit_list,hy_app_unit_select,{"common":{"currpage":1,"pagesize":999,"where":[{"col":"pid","logic":"=","val":"10","andor":""}]}},xml
2016/3/6 23:04:49:out:<ul id="unitlstdiv"><li class="button" onclick="clickunit(9)">上一步    北区--翰园--01幢</li><li class="havecontent" onclick="clickunit('91',20)">1单元</li><li class="havecontent" onclick="clickunit('92',20)">2单元</li><li class="havecontent" onclick="clickunit('93',20)">3单元</li></ul>
2016/3/6 23:04:51:in:app_unit_list,hy_app_unit_select,{"common":{"currpage":1,"pagesize":999,"where":[{"col":"pid","logic":"=","val":"91","andor":""}]}},xml
2016/3/6 23:04:51:out:<ul id="unitlstdiv"><li class="button" onclick="clickunit(10)">上一步    北区--翰园--01幢--1单元</li><li class="form" onclick="clickunit('100000',0,'北区--翰园--01幢--1单元--0201室')">0201室</li><li class="form" onclick="clickunit('100001',0,'北区--翰园--01幢--1单元--0203室')">0203室</li><li class="form" onclick="clickunit('100002',0,'北区--翰园--01幢--1单元--0301室')">0301室</li><li class="form" onclick="clickunit('100003',0,'北区--翰园--01幢--1单元--0303室')">0303室</li><li class="form" onclick="clickunit('100004',0,'北区--翰园--01幢--1单元--0401室')">0401室</li><li class="form" onclick="clickunit('100005',0,'北区--翰园--01幢--1单元--0403室')">0403室</li><li class="form" onclick="clickunit('100006',0,'北区--翰园--01幢--1单元--0501室')">0501室</li><li class="form" onclick="clickunit('100007',0,'北区--翰园--01幢--1单元--0503室')">0503室</li><li class="form" onclick="clickunit('100008',0,'北区--翰园--01幢--1单元--0601室')">0601室</li><li class="form" onclick="clickunit('100009',0,'北区--翰园--01幢--1单元--0603室')">0603室</li><li class="form" onclick="clickunit('100010',0,'北区--翰园--01幢--1单元--0701室')">0701室</li><li class="form" onclick="clickunit('100011',0,'北区--翰园--01幢--1单元--0703室')">0703室</li><li class="form" onclick="clickunit('100012',0,'北区--翰园--01幢--1单元--0801室')">0801室</li><li class="form" onclick="clickunit('100013',0,'北区--翰园--01幢--1单元--0803室')">0803室</li><li class="form" onclick="clickunit('100014',0,'北区--翰园--01幢--1单元--0901室')">0901室</li><li class="form" onclick="clickunit('100015',0,'北区--翰园--01幢--1单元--0903室')">0903室</li><li class="form" onclick="clickunit('100016',0,'北区--翰园--01幢--1单元--1001室')">1001室</li><li class="form" onclick="clickunit('100017',0,'北区--翰园--01幢--1单元--1003室')">1003室</li><li class="form" onclick="clickunit('100018',0,'北区--翰园--01幢--1单元--1101室')">1101室</li><li class="form" onclick="clickunit('100019',0,'北区--翰园--01幢--1单元--1103室')">1103室</li></ul>
2016/3/6 23:21:49:in:db_app.app_config,json,{"common":{"where":[{"col":"ver","logic":"<=","val":"33","andor":" and "},{"col":"config_id","logic":"=","val":"app_rzzb_update_version","andor":" and "},{"col":"(pf","logic":"=","val":"normal","andor":" or "},{"col":"pf","logic":"=","val":"android","andor":")"}],"currpage":1,"pagesize":2147483647}},json
2016/3/6 23:21:49:out:db_app.app_config,rtn(
    
    {
    
      "ver":"1.1",
    
    "property":[
      {
    "app_config_table":{"title":"app_config"}
  }],
    "fielddef":[
      {
    "app_config_table":{
    "item":[{'name':'rstatus','title':'编辑标识','cando':'order','fmt':'','tip':'标识','edtcontrol':'','edtvalidity':'','expression':'','editable':'false','dIndex':'0','cIndex':'-2','def':'2','set':''}
      ,{'name':'seq','title':'序号','cando':'order','fmt':'td_first','tip':'序号','edtcontrol':'seq','edtvalidity':'','expression':'','editable':'false','dIndex':'-1','cIndex':'0','def':'','set':'pdf(0.5,center)'}
      ,{'name':'chk','title':'复选框','cando':'order','fmt':'td_check','tip':'复选框','edtcontrol':'checkbox','edtvalidity':'','expression':'','editable':'false','dIndex':'-1','cIndex':'1','def':'','set':''}
      ,{'name':'displaytitle','title':'app_config','cando':'order','fmt':'right','tip':'app_config','edtcontrol':'','edtvalidity':'','expression':'','editable':'false','dIndex':'1','cIndex':'-1','def':'','set':'pdf(2.5,left)'}
      ,{'name':'iid','title':'iid','cando':'order','fmt':'right','tip':'iid','edtcontrol':'','edtvalidity':'','expression':'','editable':'false','dIndex':'2','cIndex':'-2','def':'','set':'pdf(2.5,left)'}
      ,{'name':'config_id','title':'config_id','cando':'order','fmt':'','tip':'config_id','edtcontrol':'','edtvalidity':'','expression':'','editable':'false','dIndex':'3','cIndex':'3','def':'','set':'pdf(2.5,left)'}
      ,{'name':'pf','title':'pf','cando':'order','fmt':'','tip':'pf','edtcontrol':'','edtvalidity':'','expression':'','editable':'false','dIndex':'4','cIndex':'4','def':'','set':'pdf(2.5,left)'}
      ,{'name':'ver','title':'ver','cando':'order','fmt':'right','tip':'ver','edtcontrol':'','edtvalidity':'','expression':'','editable':'false','dIndex':'5','cIndex':'5','def':'','set':'pdf(2.5,left)'}
      ,{'name':'val','title':'val','cando':'order','fmt':'','tip':'val','edtcontrol':'','edtvalidity':'','expression':'','editable':'false','dIndex':'6','cIndex':'6','def':'','set':'pdf(2.5,left)'}
      ,{'name':'jsonval','title':'jsonval','cando':'order','fmt':'','tip':'jsonval','edtcontrol':'','edtvalidity':'','expression':'','editable':'false','dIndex':'7','cIndex':'7','def':'','set':'pdf(2.5,left)'}
      ,{'name':'memo','title':'memo','cando':'order','fmt':'','tip':'memo','edtcontrol':'','edtvalidity':'','expression':'','editable':'false','dIndex':'8','cIndex':'8','def':'','set':'pdf(2.5,left)'}
      ]
    }
  }],
    "data":[
      {
      
      "app_config_table":{'pagesize':'2147483647','totalrows':'0','currpage':'0','totalpages':'0','orderby':''
        ,'s':{}
      }
    }]
    }
  )

2016/3/6 23:22:05:in:app_unit_list,hy_app_unit_select,{"common":{"currpage":1,"pagesize":999,"where":[{"col":"pid","logic":"=","val":"0","andor":""}]}},xml
2016/3/6 23:22:05:out:<ul id="unitlstdiv"><li class="button" onclick="cancelunit()">返 回    小区房号选择</li><li class="havecontent" onclick="clickunit('1',6)">北区</li><li class="havecontent" onclick="clickunit('2',5)">南区</li></ul>
2016/3/6 23:22:07:in:app_unit_list,hy_app_unit_select,{"common":{"currpage":1,"pagesize":999,"where":[{"col":"pid","logic":"=","val":"1","andor":""}]}},xml
2016/3/6 23:22:07:out:<ul id="unitlstdiv"><li class="button" onclick="clickunit(0)">上一步    北区</li><li class="havecontent" onclick="clickunit('9',10)">翰园</li><li class="havecontent" onclick="clickunit('8',11)">御园</li><li class="havecontent" onclick="clickunit('6',11)">紫园</li><li class="form" onclick="clickunit('102981',0,'北区--103')">103</li><li class="form" onclick="clickunit('102987',0,'北区--104')">104</li><li class="form" onclick="clickunit('102989',0,'北区--104')">104</li></ul>
2016/3/6 23:22:10:in:app_unit_list,hy_app_unit_select,{"common":{"currpage":1,"pagesize":999,"where":[{"col":"pid","logic":"=","val":"9","andor":""}]}},xml
2016/3/6 23:22:10:out:<ul id="unitlstdiv"><li class="button" onclick="clickunit(1)">上一步    北区--翰园</li><li class="havecontent" onclick="clickunit('10',3)">01幢</li><li class="havecontent" onclick="clickunit('11',2)">02幢</li><li class="havecontent" onclick="clickunit('13',2)">04幢</li><li class="havecontent" onclick="clickunit('14',3)">05幢</li><li class="havecontent" onclick="clickunit('15',4)">06幢</li><li class="havecontent" onclick="clickunit('16',4)">07幢</li><li class="havecontent" onclick="clickunit('17',28)">08幢</li><li class="havecontent" onclick="clickunit('18',4)">09幢</li><li class="havecontent" onclick="clickunit('218',14)">03幢(东)</li><li class="havecontent" onclick="clickunit('12',14)">03幢(西)</li></ul>
2016/3/6 23:22:11:in:app_unit_list,hy_app_unit_select,{"common":{"currpage":1,"pagesize":999,"where":[{"col":"pid","logic":"=","val":"10","andor":""}]}},xml
2016/3/6 23:22:11:out:<ul id="unitlstdiv"><li class="button" onclick="clickunit(9)">上一步    北区--翰园--01幢</li><li class="havecontent" onclick="clickunit('91',20)">1单元</li><li class="havecontent" onclick="clickunit('92',20)">2单元</li><li class="havecontent" onclick="clickunit('93',20)">3单元</li></ul>
2016/3/6 23:22:12:in:app_unit_list,hy_app_unit_select,{"common":{"currpage":1,"pagesize":999,"where":[{"col":"pid","logic":"=","val":"91","andor":""}]}},xml
2016/3/6 23:22:12:out:<ul id="unitlstdiv"><li class="button" onclick="clickunit(10)">上一步    北区--翰园--01幢--1单元</li><li class="form" onclick="clickunit('100000',0,'北区--翰园--01幢--1单元--0201室')">0201室</li><li class="form" onclick="clickunit('100001',0,'北区--翰园--01幢--1单元--0203室')">0203室</li><li class="form" onclick="clickunit('100002',0,'北区--翰园--01幢--1单元--0301室')">0301室</li><li class="form" onclick="clickunit('100003',0,'北区--翰园--01幢--1单元--0303室')">0303室</li><li class="form" onclick="clickunit('100004',0,'北区--翰园--01幢--1单元--0401室')">0401室</li><li class="form" onclick="clickunit('100005',0,'北区--翰园--01幢--1单元--0403室')">0403室</li><li class="form" onclick="clickunit('100006',0,'北区--翰园--01幢--1单元--0501室')">0501室</li><li class="form" onclick="clickunit('100007',0,'北区--翰园--01幢--1单元--0503室')">0503室</li><li class="form" onclick="clickunit('100008',0,'北区--翰园--01幢--1单元--0601室')">0601室</li><li class="form" onclick="clickunit('100009',0,'北区--翰园--01幢--1单元--0603室')">0603室</li><li class="form" onclick="clickunit('100010',0,'北区--翰园--01幢--1单元--0701室')">0701室</li><li class="form" onclick="clickunit('100011',0,'北区--翰园--01幢--1单元--0703室')">0703室</li><li class="form" onclick="clickunit('100012',0,'北区--翰园--01幢--1单元--0801室')">0801室</li><li class="form" onclick="clickunit('100013',0,'北区--翰园--01幢--1单元--0803室')">0803室</li><li class="form" onclick="clickunit('100014',0,'北区--翰园--01幢--1单元--0901室')">0901室</li><li class="form" onclick="clickunit('100015',0,'北区--翰园--01幢--1单元--0903室')">0903室</li><li class="form" onclick="clickunit('100016',0,'北区--翰园--01幢--1单元--1001室')">1001室</li><li class="form" onclick="clickunit('100017',0,'北区--翰园--01幢--1单元--1003室')">1003室</li><li class="form" onclick="clickunit('100018',0,'北区--翰园--01幢--1单元--1101室')">1101室</li><li class="form" onclick="clickunit('100019',0,'北区--翰园--01幢--1单元--1103室')">1103室</li></ul>
